<?xml version="1.0" encoding="UTF-8"?>
<!-- Generated by org.testng.reporters.JUnitXMLReporter -->
<testsuite ignored="0" hostname="DESKTOP-DJ4FDME" failures="0" tests="3" name="Default test" time="16.61" errors="0" timestamp="2023-09-27T08:37:59 IST">
  <testcase classname="org.xyz.automation.fb.testcases.LoginFunctiolaity_DDF" name="validateloginfunc" time="0.638"/>
  <testcase classname="org.xyz.automation.fb.testcases.LoginFunctiolaity_DDF" name="validateloginfunc" time="4.718"/>
  <testcase classname="org.xyz.automation.fb.testcases.LoginFunctiolaity_DDF" name="validateloginfunc" time="0.632"/>
</testsuite> <!-- Default test -->
