<?xml version="1.0" encoding="UTF-8"?>
<!-- Generated by org.testng.reporters.JUnitXMLReporter -->
<testsuite ignored="2" hostname="DESKTOP-DJ4FDME" failures="0" tests="11" name="Test" time="38.29" errors="0" timestamp="2023-09-26T07:34:30 IST">
  <testcase classname="automation.KeyMouseOperation" name="handleAlerts" time="5.174"/>
  <testcase classname="automation.KeyMouseOperation" name="handleFrames" time="6.856"/>
  <testcase classname="learnTestNG.TestScenario2" name="eight_testcase" time="0.002"/>
  <testcase classname="learnTestNG.TestScenario2" name="fifth_testcase" time="0.001"/>
  <testcase classname="learnTestNG.TestScenario2" name="first_testcase" time="0.002"/>
  <testcase classname="learnTestNG.TestScenario2" name="forth_testcase" time="0.002"/>
  <testcase classname="learnTestNG.TestScenario2" name="second_testcase" time="0.003"/>
  <testcase classname="learnTestNG.TestScenario2" name="seven_testcase" time="0.002"/>
  <testcase classname="learnTestNG.TestScenario2" name="sixth_testcase" time="0.003"/>
  <testcase classname="learnTestNG.TestScenario2" name="third_testcase" time="0.003"/>
  <testcase classname="automation.BrowserControl" name="browsers" time="26.13"/>
  <testcase classname="automation.KeyMouseOperation" name="MouseControl" time="0.0">
    <ignored/>
  </testcase> <!-- MouseControl -->
  <testcase classname="automation.KeyMouseOperation" name="keyboardControl" time="0.0">
    <ignored/>
  </testcase> <!-- keyboardControl -->
</testsuite> <!-- Test -->
