<?xml version="1.0" encoding="UTF-8"?>
<!-- Generated by org.testng.reporters.JUnitXMLReporter -->
<testsuite ignored="6" hostname="DESKTOP-DJ4FDME" failures="2" tests="2" name="Test(failed)" time="0.12" errors="0" timestamp="2023-09-14T07:30:20 IST">
  <testcase classname="learnTestNG.TestScenario" name="first_testcase" time="0.03">
    <failure type="java.lang.AssertionError" message="expected [Hello] but found [hello]">
      <![CDATA[java.lang.AssertionError: expected [Hello] but found [hello]
at learnTestNG.TestScenario.first_testcase(TestScenario.java:14)
at java.base/java.util.ArrayList.forEach(ArrayList.java:1511)
... Removed 33 stack frames]]>
    </failure>
  </testcase> <!-- first_testcase -->
  <testcase classname="learnTestNG.TestScenario" name="second_testcase" time="0.01">
    <failure type="java.lang.AssertionError" message="The following asserts failed:
	expected [Hello] but found [hello]">
      <![CDATA[java.lang.AssertionError: The following asserts failed:
expected [Hello] but found [hello]
at learnTestNG.TestScenario.second_testcase(TestScenario.java:30)
at java.base/java.util.ArrayList.forEach(ArrayList.java:1511)
... Removed 29 stack frames]]>
    </failure>
  </testcase> <!-- second_testcase -->
  <testcase classname="learnTestNG.TestScenario" name="forth_testcase" time="0.0">
    <ignored/>
  </testcase> <!-- forth_testcase -->
  <testcase classname="learnTestNG.TestScenario" name="third_testcase" time="0.0">
    <ignored/>
  </testcase> <!-- third_testcase -->
  <testcase classname="learnTestNG.TestScenario" name="eight_testcase" time="0.0">
    <ignored/>
  </testcase> <!-- eight_testcase -->
  <testcase classname="learnTestNG.TestScenario" name="fifth_testcase" time="0.0">
    <ignored/>
  </testcase> <!-- fifth_testcase -->
  <testcase classname="learnTestNG.TestScenario" name="sixth_testcase" time="0.0">
    <ignored/>
  </testcase> <!-- sixth_testcase -->
  <testcase classname="learnTestNG.TestScenario" name="seven_testcase" time="0.0">
    <ignored/>
  </testcase> <!-- seven_testcase -->
</testsuite> <!-- Test(failed) -->
