<?xml version="1.0" encoding="UTF-8"?>
<testsuite name="Test"
           tests="8"
           failures="0"
           errors="0"
           skipped="0"
           time="0.018">
  <properties />
  
  
            <testcase name="eight_testcase" time="0.002" classname="learnTestNG.TestScenario2" />
                <testcase name="sixth_testcase" time="0.003" classname="learnTestNG.TestScenario2" />
                <testcase name="first_testcase" time="0.002" classname="learnTestNG.TestScenario2" />
                <testcase name="second_testcase" time="0.003" classname="learnTestNG.TestScenario2" />
                <testcase name="forth_testcase" time="0.002" classname="learnTestNG.TestScenario2" />
                <testcase name="third_testcase" time="0.003" classname="learnTestNG.TestScenario2" />
                <testcase name="fifth_testcase" time="0.001" classname="learnTestNG.TestScenario2" />
                <testcase name="seven_testcase" time="0.002" classname="learnTestNG.TestScenario2" />
      
</testsuite>
