<?xml version="1.0" encoding="UTF-8"?>
<testng-results ignored="0" total="3" passed="3" failed="0" skipped="0">
  <reporter-output>
  </reporter-output>
  <suite started-at="2023-09-27T08:37:42 IST" name="Default suite" finished-at="2023-09-27T08:37:59 IST" duration-ms="16610">
    <groups>
    </groups>
    <test started-at="2023-09-27T08:37:42 IST" name="Default test" finished-at="2023-09-27T08:37:59 IST" duration-ms="16610">
      <class name="org.xyz.automation.fb.testcases.LoginFunctiolaity_DDF">
        <test-method is-config="true" signature="launchbrowser()[pri:0, instance:org.xyz.automation.fb.testcases.LoginFunctiolaity_DDF@13fd2ccd]" started-at="2023-09-27T08:37:42 IST" name="launchbrowser" finished-at="2023-09-27T08:37:46 IST" duration-ms="3960" status="PASS">
          <reporter-output>
          </reporter-output>
        </test-method> <!-- launchbrowser -->
        <test-method signature="validateloginfunc(java.lang.String,java.lang.String)[pri:0, instance:org.xyz.automation.fb.testcases.LoginFunctiolaity_DDF@13fd2ccd]" started-at="2023-09-27T08:37:46 IST" name="validateloginfunc" data-provider="staticdata" finished-at="2023-09-27T08:37:47 IST" duration-ms="638" status="PASS">
          <params>
            <param index="0">
              <value>
                <![CDATA[user1]]>
              </value>
            </param>
            <param index="1">
              <value>
                <![CDATA[pass1]]>
              </value>
            </param>
          </params>
          <reporter-output>
          </reporter-output>
        </test-method> <!-- validateloginfunc -->
        <test-method is-config="true" signature="closeBrowser()[pri:0, instance:org.xyz.automation.fb.testcases.LoginFunctiolaity_DDF@13fd2ccd]" started-at="2023-09-27T08:37:47 IST" name="closeBrowser" finished-at="2023-09-27T08:37:47 IST" duration-ms="360" status="PASS">
          <reporter-output>
          </reporter-output>
        </test-method> <!-- closeBrowser -->
        <test-method is-config="true" signature="launchbrowser()[pri:0, instance:org.xyz.automation.fb.testcases.LoginFunctiolaity_DDF@13fd2ccd]" started-at="2023-09-27T08:37:47 IST" name="launchbrowser" finished-at="2023-09-27T08:37:50 IST" duration-ms="2877" status="PASS">
          <reporter-output>
          </reporter-output>
        </test-method> <!-- launchbrowser -->
        <test-method signature="validateloginfunc(java.lang.String,java.lang.String)[pri:0, instance:org.xyz.automation.fb.testcases.LoginFunctiolaity_DDF@13fd2ccd]" started-at="2023-09-27T08:37:50 IST" name="validateloginfunc" data-provider="staticdata" finished-at="2023-09-27T08:37:55 IST" duration-ms="4718" status="PASS">
          <params>
            <param index="0">
              <value>
                <![CDATA[user2]]>
              </value>
            </param>
            <param index="1">
              <value>
                <![CDATA[pass2]]>
              </value>
            </param>
          </params>
          <reporter-output>
          </reporter-output>
        </test-method> <!-- validateloginfunc -->
        <test-method is-config="true" signature="closeBrowser()[pri:0, instance:org.xyz.automation.fb.testcases.LoginFunctiolaity_DDF@13fd2ccd]" started-at="2023-09-27T08:37:55 IST" name="closeBrowser" finished-at="2023-09-27T08:37:55 IST" duration-ms="256" status="PASS">
          <reporter-output>
          </reporter-output>
        </test-method> <!-- closeBrowser -->
        <test-method is-config="true" signature="launchbrowser()[pri:0, instance:org.xyz.automation.fb.testcases.LoginFunctiolaity_DDF@13fd2ccd]" started-at="2023-09-27T08:37:55 IST" name="launchbrowser" finished-at="2023-09-27T08:37:58 IST" duration-ms="2831" status="PASS">
          <reporter-output>
          </reporter-output>
        </test-method> <!-- launchbrowser -->
        <test-method signature="validateloginfunc(java.lang.String,java.lang.String)[pri:0, instance:org.xyz.automation.fb.testcases.LoginFunctiolaity_DDF@13fd2ccd]" started-at="2023-09-27T08:37:58 IST" name="validateloginfunc" data-provider="staticdata" finished-at="2023-09-27T08:37:58 IST" duration-ms="632" status="PASS">
          <params>
            <param index="0">
              <value>
                <![CDATA[user3]]>
              </value>
            </param>
            <param index="1">
              <value>
                <![CDATA[pass3]]>
              </value>
            </param>
          </params>
          <reporter-output>
          </reporter-output>
        </test-method> <!-- validateloginfunc -->
        <test-method is-config="true" signature="closeBrowser()[pri:0, instance:org.xyz.automation.fb.testcases.LoginFunctiolaity_DDF@13fd2ccd]" started-at="2023-09-27T08:37:58 IST" name="closeBrowser" finished-at="2023-09-27T08:37:59 IST" duration-ms="238" status="PASS">
          <reporter-output>
          </reporter-output>
        </test-method> <!-- closeBrowser -->
      </class> <!-- org.xyz.automation.fb.testcases.LoginFunctiolaity_DDF -->
    </test> <!-- Default test -->
  </suite> <!-- Default suite -->
</testng-results>
